22/12/27 18:57:32 780 [debug]: --------------------------------------------------
22/12/27 18:57:32 784 [debug]: |              Start Express Server              |
22/12/27 18:57:32 785 [debug]: --------------------------------------------------
22/12/27 18:57:32 785 [debug]: server address => http://192.168.0.80:3001
22/12/27 18:57:32 786 [debug]: --------------------------------------------------
22/12/27 18:57:39 298 [debug]: 클라이언트가 접속했습니다.
22/12/27 18:57:39 300 [debug]: [GET] http://localhost:3001/department?query=&page=1&rows=20
22/12/27 18:57:39 300 [debug]: [client] 127.0.0.1 / Windows 10.0 / Chrome (108.0.0.0) / Microsoft Windows
22/12/27 18:57:39 341 [info]:  >> DATABASE 접속됨 [threaId=382]
22/12/27 18:57:39 343 [info]:  >> Connection 임대됨 [threaId=382]
22/12/27 18:57:39 347 [debug]: SELECT COUNT(*) AS cnt FROM department
22/12/27 18:57:39 383 [info]:  >> Connection 반납됨 [threaId=382]
22/12/27 18:57:39 384 [info]:  >> Connection 임대됨 [threaId=382]
22/12/27 18:57:39 386 [debug]: SELECT deptno, dname, loc FROM department  ORDER BY deptno DESC  LIMIT 0, 20
22/12/27 18:57:39 395 [info]:  >> Connection 반납됨 [threaId=382]
22/12/27 18:57:39 400 [debug]: 클라이언트의 접속이 종료되었습니다. ::: [runtime] 101ms
22/12/27 18:57:39 401 [debug]: --------------------------------------------------
22/12/27 18:58:06 288 [debug]: --------------------------------------------------
22/12/27 18:58:06 291 [debug]: |              Start Express Server              |
22/12/27 18:58:06 292 [debug]: --------------------------------------------------
22/12/27 18:58:06 292 [debug]: server address => http://192.168.0.80:3001
22/12/27 18:58:06 293 [debug]: --------------------------------------------------
22/12/27 18:58:26 638 [debug]: --------------------------------------------------
22/12/27 18:58:26 641 [debug]: |              Start Express Server              |
22/12/27 18:58:26 642 [debug]: --------------------------------------------------
22/12/27 18:58:26 642 [debug]: server address => http://192.168.0.80:3001
22/12/27 18:58:26 643 [debug]: --------------------------------------------------
22/12/27 18:58:29 721 [debug]: 클라이언트가 접속했습니다.
22/12/27 18:58:29 722 [debug]: [GET] http://localhost:3001/department?query=&page=1&rows=20
22/12/27 18:58:29 722 [debug]: [client] 127.0.0.1 / Windows 10.0 / Chrome (108.0.0.0) / Microsoft Windows
22/12/27 18:58:29 742 [info]:  >> DATABASE 접속됨 [threaId=385]
22/12/27 18:58:29 743 [info]:  >> Connection 임대됨 [threaId=385]
22/12/27 18:58:29 747 [debug]: SELECT COUNT(*) AS cnt FROM department
22/12/27 18:58:29 753 [info]:  >> Connection 반납됨 [threaId=385]
22/12/27 18:58:29 755 [info]:  >> Connection 임대됨 [threaId=385]
22/12/27 18:58:29 756 [debug]: SELECT deptno, dname, loc FROM department  ORDER BY deptno DESC  LIMIT 0, 20
22/12/27 18:58:29 757 [info]:  >> Connection 반납됨 [threaId=385]
22/12/27 18:58:29 761 [debug]: 클라이언트의 접속이 종료되었습니다. ::: [runtime] 40ms
22/12/27 18:58:29 762 [debug]: --------------------------------------------------
22/12/27 18:58:40 804 [debug]: --------------------------------------------------
22/12/27 18:58:40 806 [debug]: |              Start Express Server              |
22/12/27 18:58:40 807 [debug]: --------------------------------------------------
22/12/27 18:58:40 808 [debug]: server address => http://192.168.0.80:3001
22/12/27 18:58:40 810 [debug]: --------------------------------------------------
